<?xml version="1.0" encoding="UTF-8"?>
<!-- Generated by org.testng.reporters.JUnitXMLReporter -->
<testsuite ignored="0" hostname="DESKTOP-RL19R3G" failures="0" tests="6" name="Test" time="108.392" errors="0" timestamp="2023-02-01T18:48:39 IST">
  <testcase classname="CS.New.test.LoginPageTest" name="LoginTest" time="2.875"/>
  <testcase classname="CS.New.test.LoginPageTest" name="verifyInvalidLoginCredentials" time="1.248"/>
  <testcase classname="CS.New.test.LoginPageTest" name="verifyInvalidLoginCredentials" time="1.316"/>
  <testcase classname="CS.New.test.LoginPageTest" name="verifyInvalidLoginCredentials" time="3.517"/>
  <testcase classname="CS.New.test.LoginPageTest" name="verifyLoginPageTitle" time="0.021"/>
  <testcase classname="CS.New.test.AdminPageTest" name="verifyLable" time="3.487"/>
</testsuite> <!-- Test -->
