<?xml version="1.0" encoding="UTF-8"?>
<!-- Generated by org.testng.reporters.JUnitXMLReporter -->
<testsuite ignored="0" hostname="DESKTOP-RL19R3G" failures="0" tests="6" name="Test" time="111.961" errors="0" timestamp="2023-02-01T19:00:38 IST">
  <testcase classname="CS.New.test.LoginPageTest" name="LoginTest" time="3.432"/>
  <testcase classname="CS.New.test.LoginPageTest" name="verifyInvalidLoginCredentials" time="1.319"/>
  <testcase classname="CS.New.test.LoginPageTest" name="verifyInvalidLoginCredentials" time="2.899"/>
  <testcase classname="CS.New.test.LoginPageTest" name="verifyInvalidLoginCredentials" time="2.834"/>
  <testcase classname="CS.New.test.LoginPageTest" name="verifyLoginPageTitle" time="0.013"/>
  <testcase classname="CS.New.test.AdminPageTest" name="verifyLable" time="4.228"/>
</testsuite> <!-- Test -->
