<?xml version="1.0" encoding="UTF-8"?>
<testng-results ignored="0" total="6" passed="6" failed="0" skipped="0">
  <reporter-output>
  </reporter-output>
  <suite started-at="2023-02-01T18:58:46 IST" name="Suite" finished-at="2023-02-01T19:00:38 IST" duration-ms="111961">
    <groups>
    </groups>
    <test started-at="2023-02-01T18:58:46 IST" name="Test" finished-at="2023-02-01T19:00:38 IST" duration-ms="111961">
      <class name="CS.New.test.AdminPageTest">
        <test-method is-config="true" signature="setUp()[pri:0, instance:CS.New.test.AdminPageTest@4b5a5ed1]" started-at="2023-02-01T19:00:20 IST" name="setUp" finished-at="2023-02-01T19:00:34 IST" duration-ms="13557" status="PASS">
          <reporter-output>
          </reporter-output>
        </test-method> <!-- setUp -->
        <test-method signature="verifyLable()[pri:0, instance:CS.New.test.AdminPageTest@4b5a5ed1]" started-at="2023-02-01T19:00:34 IST" name="verifyLable" finished-at="2023-02-01T19:00:38 IST" duration-ms="4228" status="PASS">
          <reporter-output>
          </reporter-output>
        </test-method> <!-- verifyLable -->
        <test-method is-config="true" signature="tearDown()[pri:0, instance:CS.New.test.AdminPageTest@4b5a5ed1]" started-at="2023-02-01T19:00:38 IST" name="tearDown" finished-at="2023-02-01T19:00:38 IST" duration-ms="305" status="PASS">
          <reporter-output>
          </reporter-output>
        </test-method> <!-- tearDown -->
      </class> <!-- CS.New.test.AdminPageTest -->
      <class name="CS.New.test.LoginPageTest">
        <test-method is-config="true" signature="setUp()[pri:0, instance:CS.New.test.LoginPageTest@7a4ccb53]" started-at="2023-02-01T18:58:46 IST" name="setUp" finished-at="2023-02-01T18:59:02 IST" duration-ms="15200" status="PASS">
          <reporter-output>
          </reporter-output>
        </test-method> <!-- setUp -->
        <test-method signature="LoginTest()[pri:0, instance:CS.New.test.LoginPageTest@7a4ccb53]" started-at="2023-02-01T18:59:02 IST" name="LoginTest" finished-at="2023-02-01T18:59:05 IST" duration-ms="3432" status="PASS">
          <reporter-output>
          </reporter-output>
        </test-method> <!-- LoginTest -->
        <test-method is-config="true" signature="tearDown()[pri:0, instance:CS.New.test.LoginPageTest@7a4ccb53]" started-at="2023-02-01T18:59:05 IST" name="tearDown" finished-at="2023-02-01T18:59:05 IST" duration-ms="400" status="PASS">
          <reporter-output>
          </reporter-output>
        </test-method> <!-- tearDown -->
        <test-method is-config="true" signature="setUp()[pri:0, instance:CS.New.test.LoginPageTest@7a4ccb53]" started-at="2023-02-01T18:59:05 IST" name="setUp" finished-at="2023-02-01T18:59:16 IST" duration-ms="10337" status="PASS">
          <reporter-output>
          </reporter-output>
        </test-method> <!-- setUp -->
        <test-method signature="verifyInvalidLoginCredentials(java.lang.String,java.lang.String)[pri:0, instance:CS.New.test.LoginPageTest@7a4ccb53]" started-at="2023-02-01T18:59:16 IST" name="verifyInvalidLoginCredentials" data-provider="getData" finished-at="2023-02-01T18:59:17 IST" duration-ms="1319" status="PASS">
          <params>
            <param index="0">
              <value>
                <![CDATA[abc]]>
              </value>
            </param>
            <param index="1">
              <value>
                <![CDATA[   ]]>
              </value>
            </param>
          </params>
          <reporter-output>
          </reporter-output>
        </test-method> <!-- verifyInvalidLoginCredentials -->
        <test-method is-config="true" signature="tearDown()[pri:0, instance:CS.New.test.LoginPageTest@7a4ccb53]" started-at="2023-02-01T18:59:17 IST" name="tearDown" finished-at="2023-02-01T18:59:17 IST" duration-ms="329" status="PASS">
          <reporter-output>
          </reporter-output>
        </test-method> <!-- tearDown -->
        <test-method is-config="true" signature="setUp()[pri:0, instance:CS.New.test.LoginPageTest@7a4ccb53]" started-at="2023-02-01T18:59:17 IST" name="setUp" finished-at="2023-02-01T18:59:41 IST" duration-ms="23927" status="PASS">
          <reporter-output>
          </reporter-output>
        </test-method> <!-- setUp -->
        <test-method signature="verifyInvalidLoginCredentials(java.lang.String,java.lang.String)[pri:0, instance:CS.New.test.LoginPageTest@7a4ccb53]" started-at="2023-02-01T18:59:41 IST" name="verifyInvalidLoginCredentials" data-provider="getData" finished-at="2023-02-01T18:59:44 IST" duration-ms="2899" status="PASS">
          <params>
            <param index="0">
              <value>
                <![CDATA[   ]]>
              </value>
            </param>
            <param index="1">
              <value>
                <![CDATA[abc]]>
              </value>
            </param>
          </params>
          <reporter-output>
          </reporter-output>
        </test-method> <!-- verifyInvalidLoginCredentials -->
        <test-method is-config="true" signature="tearDown()[pri:0, instance:CS.New.test.LoginPageTest@7a4ccb53]" started-at="2023-02-01T18:59:44 IST" name="tearDown" finished-at="2023-02-01T18:59:45 IST" duration-ms="339" status="PASS">
          <reporter-output>
          </reporter-output>
        </test-method> <!-- tearDown -->
        <test-method is-config="true" signature="setUp()[pri:0, instance:CS.New.test.LoginPageTest@7a4ccb53]" started-at="2023-02-01T18:59:45 IST" name="setUp" finished-at="2023-02-01T19:00:07 IST" duration-ms="22390" status="PASS">
          <reporter-output>
          </reporter-output>
        </test-method> <!-- setUp -->
        <test-method signature="verifyInvalidLoginCredentials(java.lang.String,java.lang.String)[pri:0, instance:CS.New.test.LoginPageTest@7a4ccb53]" started-at="2023-02-01T19:00:07 IST" name="verifyInvalidLoginCredentials" data-provider="getData" finished-at="2023-02-01T19:00:10 IST" duration-ms="2834" status="PASS">
          <params>
            <param index="0">
              <value>
                <![CDATA[abc]]>
              </value>
            </param>
            <param index="1">
              <value>
                <![CDATA[abc]]>
              </value>
            </param>
          </params>
          <reporter-output>
          </reporter-output>
        </test-method> <!-- verifyInvalidLoginCredentials -->
        <test-method is-config="true" signature="tearDown()[pri:0, instance:CS.New.test.LoginPageTest@7a4ccb53]" started-at="2023-02-01T19:00:10 IST" name="tearDown" finished-at="2023-02-01T19:00:10 IST" duration-ms="306" status="PASS">
          <reporter-output>
          </reporter-output>
        </test-method> <!-- tearDown -->
        <test-method is-config="true" signature="setUp()[pri:0, instance:CS.New.test.LoginPageTest@7a4ccb53]" started-at="2023-02-01T19:00:10 IST" name="setUp" finished-at="2023-02-01T19:00:20 IST" duration-ms="9665" status="PASS">
          <reporter-output>
          </reporter-output>
        </test-method> <!-- setUp -->
        <test-method signature="verifyLoginPageTitle()[pri:0, instance:CS.New.test.LoginPageTest@7a4ccb53]" started-at="2023-02-01T19:00:20 IST" name="verifyLoginPageTitle" finished-at="2023-02-01T19:00:20 IST" duration-ms="13" status="PASS">
          <reporter-output>
          </reporter-output>
        </test-method> <!-- verifyLoginPageTitle -->
        <test-method is-config="true" signature="tearDown()[pri:0, instance:CS.New.test.LoginPageTest@7a4ccb53]" started-at="2023-02-01T19:00:20 IST" name="tearDown" finished-at="2023-02-01T19:00:20 IST" duration-ms="369" status="PASS">
          <reporter-output>
          </reporter-output>
        </test-method> <!-- tearDown -->
      </class> <!-- CS.New.test.LoginPageTest -->
    </test> <!-- Test -->
  </suite> <!-- Suite -->
</testng-results>
